<?xml version="1.0" encoding="UTF-8"?>
<testsuite name="com.ecse321.tutoringApp.TutoringAppApplicationTests" tests="1" skipped="0" failures="0" errors="0" timestamp="2019-10-09T23:50:11" hostname="DESKTOP-88OMG04" time="0.279">
  <properties/>
  <testcase name="contextLoads" classname="com.ecse321.tutoringApp.TutoringAppApplicationTests" time="0.279"/>
  <system-out><![CDATA[19:50:08.550 [Test worker] DEBUG org.springframework.test.context.junit4.SpringJUnit4ClassRunner - SpringJUnit4ClassRunner constructor called with [class com.ecse321.tutoringApp.TutoringAppApplicationTests]
19:50:08.561 [Test worker] DEBUG org.springframework.test.context.BootstrapUtils - Instantiating CacheAwareContextLoaderDelegate from class [org.springframework.test.context.cache.DefaultCacheAwareContextLoaderDelegate]
19:50:08.572 [Test worker] DEBUG org.springframework.test.context.BootstrapUtils - Instantiating BootstrapContext using constructor [public org.springframework.test.context.support.DefaultBootstrapContext(java.lang.Class,org.springframework.test.context.CacheAwareContextLoaderDelegate)]
19:50:08.598 [Test worker] DEBUG org.springframework.test.context.BootstrapUtils - Instantiating TestContextBootstrapper for test class [com.ecse321.tutoringApp.TutoringAppApplicationTests] from class [org.springframework.boot.test.context.SpringBootTestContextBootstrapper]
19:50:08.615 [Test worker] INFO org.springframework.boot.test.context.SpringBootTestContextBootstrapper - Neither @ContextConfiguration nor @ContextHierarchy found for test class [com.ecse321.tutoringApp.TutoringAppApplicationTests], using SpringBootContextLoader
19:50:08.619 [Test worker] DEBUG org.springframework.test.context.support.AbstractContextLoader - Did not detect default resource location for test class [com.ecse321.tutoringApp.TutoringAppApplicationTests]: class path resource [com/ecse321/tutoringApp/TutoringAppApplicationTests-context.xml] does not exist
19:50:08.619 [Test worker] DEBUG org.springframework.test.context.support.AbstractContextLoader - Did not detect default resource location for test class [com.ecse321.tutoringApp.TutoringAppApplicationTests]: class path resource [com/ecse321/tutoringApp/TutoringAppApplicationTestsContext.groovy] does not exist
19:50:08.619 [Test worker] INFO org.springframework.test.context.support.AbstractContextLoader - Could not detect default resource locations for test class [com.ecse321.tutoringApp.TutoringAppApplicationTests]: no resource found for suffixes {-context.xml, Context.groovy}.
19:50:08.621 [Test worker] INFO org.springframework.test.context.support.AnnotationConfigContextLoaderUtils - Could not detect default configuration classes for test class [com.ecse321.tutoringApp.TutoringAppApplicationTests]: TutoringAppApplicationTests does not declare any static, non-private, non-final, nested classes annotated with @Configuration.
19:50:08.674 [Test worker] DEBUG org.springframework.test.context.support.ActiveProfilesUtils - Could not find an 'annotation declaring class' for annotation type [org.springframework.test.context.ActiveProfiles] and class [com.ecse321.tutoringApp.TutoringAppApplicationTests]
19:50:08.769 [Test worker] DEBUG org.springframework.context.annotation.ClassPathScanningCandidateComponentProvider - Identified candidate component class: file [C:\Users\marwan\Documents\SOFTWARE ENGINEERING\ECSE 321\project-group-15\build\bin\com\ecse321\tutoringApp\TutoringAppApplication.class]
19:50:08.772 [Test worker] INFO org.springframework.boot.test.context.SpringBootTestContextBootstrapper - Found @SpringBootConfiguration com.ecse321.tutoringApp.TutoringAppApplication for test class com.ecse321.tutoringApp.TutoringAppApplicationTests
19:50:08.883 [Test worker] DEBUG org.springframework.boot.test.context.SpringBootTestContextBootstrapper - @TestExecutionListeners is not present for class [com.ecse321.tutoringApp.TutoringAppApplicationTests]: using defaults.
19:50:08.884 [Test worker] INFO org.springframework.boot.test.context.SpringBootTestContextBootstrapper - Loaded default TestExecutionListener class names from location [META-INF/spring.factories]: [org.springframework.boot.test.autoconfigure.restdocs.RestDocsTestExecutionListener, org.springframework.boot.test.autoconfigure.web.client.MockRestServiceServerResetTestExecutionListener, org.springframework.boot.test.autoconfigure.web.servlet.MockMvcPrintOnlyOnFailureTestExecutionListener, org.springframework.boot.test.autoconfigure.web.servlet.WebDriverTestExecutionListener, org.springframework.boot.test.mock.mockito.MockitoTestExecutionListener, org.springframework.boot.test.mock.mockito.ResetMocksTestExecutionListener, org.springframework.test.context.web.ServletTestExecutionListener, org.springframework.test.context.support.DirtiesContextBeforeModesTestExecutionListener, org.springframework.test.context.support.DependencyInjectionTestExecutionListener, org.springframework.test.context.support.DirtiesContextTestExecutionListener, org.springframework.test.context.transaction.TransactionalTestExecutionListener, org.springframework.test.context.jdbc.SqlScriptsTestExecutionListener]
19:50:08.895 [Test worker] DEBUG org.springframework.boot.test.context.SpringBootTestContextBootstrapper - Skipping candidate TestExecutionListener [org.springframework.test.context.transaction.TransactionalTestExecutionListener] due to a missing dependency. Specify custom listener classes or make the default listener classes and their required dependencies available. Offending class: [org/springframework/transaction/interceptor/TransactionAttributeSource]
19:50:08.896 [Test worker] DEBUG org.springframework.boot.test.context.SpringBootTestContextBootstrapper - Skipping candidate TestExecutionListener [org.springframework.test.context.jdbc.SqlScriptsTestExecutionListener] due to a missing dependency. Specify custom listener classes or make the default listener classes and their required dependencies available. Offending class: [org/springframework/transaction/interceptor/TransactionAttribute]
19:50:08.897 [Test worker] INFO org.springframework.boot.test.context.SpringBootTestContextBootstrapper - Using TestExecutionListeners: [org.springframework.test.context.web.ServletTestExecutionListener@354d708, org.springframework.test.context.support.DirtiesContextBeforeModesTestExecutionListener@3aba192f, org.springframework.boot.test.mock.mockito.MockitoTestExecutionListener@52d034f0, org.springframework.boot.test.autoconfigure.SpringBootDependencyInjectionTestExecutionListener@a3c7ba9, org.springframework.test.context.support.DirtiesContextTestExecutionListener@2f751171, org.springframework.boot.test.autoconfigure.restdocs.RestDocsTestExecutionListener@45ec06d1, org.springframework.boot.test.autoconfigure.web.client.MockRestServiceServerResetTestExecutionListener@1648dd28, org.springframework.boot.test.autoconfigure.web.servlet.MockMvcPrintOnlyOnFailureTestExecutionListener@7fc00d7b, org.springframework.boot.test.autoconfigure.web.servlet.WebDriverTestExecutionListener@78b9656b, org.springframework.boot.test.mock.mockito.ResetMocksTestExecutionListener@5dc62e23]
19:50:08.901 [Test worker] DEBUG org.springframework.test.annotation.ProfileValueUtils - Retrieved @ProfileValueSourceConfiguration [null] for test class [com.ecse321.tutoringApp.TutoringAppApplicationTests]
19:50:08.902 [Test worker] DEBUG org.springframework.test.annotation.ProfileValueUtils - Retrieved ProfileValueSource type [class org.springframework.test.annotation.SystemProfileValueSource] for class [com.ecse321.tutoringApp.TutoringAppApplicationTests]
19:50:08.903 [Test worker] DEBUG org.springframework.test.annotation.ProfileValueUtils - Retrieved @ProfileValueSourceConfiguration [null] for test class [com.ecse321.tutoringApp.TutoringAppApplicationTests]
19:50:08.903 [Test worker] DEBUG org.springframework.test.annotation.ProfileValueUtils - Retrieved ProfileValueSource type [class org.springframework.test.annotation.SystemProfileValueSource] for class [com.ecse321.tutoringApp.TutoringAppApplicationTests]
19:50:08.908 [Test worker] DEBUG org.springframework.test.context.support.AbstractDirtiesContextTestExecutionListener - Before test class: context [DefaultTestContext@777da5bf testClass = TutoringAppApplicationTests, testInstance = [null], testMethod = [null], testException = [null], mergedContextConfiguration = [WebMergedContextConfiguration@27eede5 testClass = TutoringAppApplicationTests, locations = '{}', classes = '{class com.ecse321.tutoringApp.TutoringAppApplication}', contextInitializerClasses = '[]', activeProfiles = '{}', propertySourceLocations = '{}', propertySourceProperties = '{org.springframework.boot.test.context.SpringBootTestContextBootstrapper=true}', contextCustomizers = set[org.springframework.boot.test.autoconfigure.properties.PropertyMappingContextCustomizer@0, org.springframework.boot.test.autoconfigure.web.servlet.WebDriverContextCustomizerFactory$Customizer@66d5e63e, org.springframework.boot.test.context.filter.ExcludeFilterContextCustomizer@1ed4adb2, org.springframework.boot.test.json.DuplicateJsonObjectContextCustomizerFactory$DuplicateJsonObjectContextCustomizer@e981b9f, org.springframework.boot.test.mock.mockito.MockitoContextCustomizer@0, org.springframework.boot.test.web.client.TestRestTemplateContextCustomizer@748df4ac], resourceBasePath = 'src/main/webapp', contextLoader = 'org.springframework.boot.test.context.SpringBootContextLoader', parent = [null]], attributes = map['org.springframework.test.context.web.ServletTestExecutionListener.activateListener' -> true]], class annotated with @DirtiesContext [false] with mode [null].
19:50:08.909 [Test worker] DEBUG org.springframework.test.annotation.ProfileValueUtils - Retrieved @ProfileValueSourceConfiguration [null] for test class [com.ecse321.tutoringApp.TutoringAppApplicationTests]
19:50:08.909 [Test worker] DEBUG org.springframework.test.annotation.ProfileValueUtils - Retrieved ProfileValueSource type [class org.springframework.test.annotation.SystemProfileValueSource] for class [com.ecse321.tutoringApp.TutoringAppApplicationTests]
19:50:08.932 [Test worker] DEBUG org.springframework.test.context.support.TestPropertySourceUtils - Adding inlined properties to environment: {spring.jmx.enabled=false, org.springframework.boot.test.context.SpringBootTestContextBootstrapper=true, server.port=-1}

  .   ____          _            __ _ _
 /\\ / ___'_ __ _ _(_)_ __  __ _ \ \ \ \
( ( )\___ | '_ | '_| | '_ \/ _` | \ \ \ \
 \\/  ___)| |_)| | | | | || (_| |  ) ) ) )
  '  |____| .__|_| |_|_| |_\__, | / / / /
 =========|_|==============|___/=/_/_/_/
 :: Spring Boot ::        (v2.1.9.RELEASE)

2019-10-09 19:50:09.314  INFO 23396 --- [    Test worker] c.e.t.TutoringAppApplicationTests        : Starting TutoringAppApplicationTests on DESKTOP-88OMG04 with PID 23396 (started by marwan in C:\Users\marwan\Documents\SOFTWARE ENGINEERING\ECSE 321\project-group-15)
2019-10-09 19:50:09.316  INFO 23396 --- [    Test worker] c.e.t.TutoringAppApplicationTests        : No active profile set, falling back to default profiles: default
2019-10-09 19:50:11.203  INFO 23396 --- [    Test worker] o.s.s.concurrent.ThreadPoolTaskExecutor  : Initializing ExecutorService 'applicationTaskExecutor'
2019-10-09 19:50:11.540  INFO 23396 --- [    Test worker] c.e.t.TutoringAppApplicationTests        : Started TutoringAppApplicationTests in 2.598 seconds (JVM running for 3.936)
]]></system-out>
  <system-err><![CDATA[]]></system-err>
</testsuite>
